2026-05-18 09:01:24 [ERROR]: Failed to connect to the database: Error querying the database: FATAL: (ENOTFOUND) tenant/user postgres.your-project-ref not found {"metadata":{"name":"PrismaClientInitializationError","clientVersion":"5.22.0","stack":"PrismaClientInitializationError: Error querying the database: FATAL: (ENOTFOUND) tenant/user postgres.your-project-ref not found\n    at t (C:\\Users\\Acer\\Downloads\\LeadLFlowAI\\backend\\node_modules\\@prisma\\client\\runtime\\library.js:112:2488)\n    at async connectDB (C:\\Users\\Acer\\Downloads\\LeadLFlowAI\\backend\\src\\config\\db.js:10:5)\n    at async startServer (C:\\Users\\Acer\\Downloads\\LeadLFlowAI\\backend\\src\\server.js:14:5)"}}
2026-05-18 09:17:16 [ERROR]: Failed to connect to the database: Error querying the database: FATAL: (ENOTFOUND) tenant/user postgres.lstnnhigwhovupimqxvw not found {"metadata":{"name":"PrismaClientInitializationError","clientVersion":"5.22.0","stack":"PrismaClientInitializationError: Error querying the database: FATAL: (ENOTFOUND) tenant/user postgres.lstnnhigwhovupimqxvw not found\n    at t (C:\\Users\\Acer\\Downloads\\LeadLFlowAI\\backend\\node_modules\\@prisma\\client\\runtime\\library.js:112:2488)\n    at async connectDB (C:\\Users\\Acer\\Downloads\\LeadLFlowAI\\backend\\src\\config\\db.js:10:5)\n    at async startServer (C:\\Users\\Acer\\Downloads\\LeadLFlowAI\\backend\\src\\server.js:14:5)"}}
2026-05-18 09:17:26 [ERROR]: Failed to connect to the database: Error querying the database: FATAL: (ENOTFOUND) tenant/user postgres.lstnnhigwhovupimqxvw not found {"metadata":{"name":"PrismaClientInitializationError","clientVersion":"5.22.0","stack":"PrismaClientInitializationError: Error querying the database: FATAL: (ENOTFOUND) tenant/user postgres.lstnnhigwhovupimqxvw not found\n    at t (C:\\Users\\Acer\\Downloads\\LeadLFlowAI\\backend\\node_modules\\@prisma\\client\\runtime\\library.js:112:2488)\n    at async connectDB (C:\\Users\\Acer\\Downloads\\LeadLFlowAI\\backend\\src\\config\\db.js:10:5)\n    at async startServer (C:\\Users\\Acer\\Downloads\\LeadLFlowAI\\backend\\src\\server.js:14:5)"}}
2026-05-18 09:18:21 [ERROR]: Failed to connect to the database: Error querying the database: FATAL: (ENOTFOUND) tenant/user postgres.lstnnhigwhovupimqxvw not found {"metadata":{"name":"PrismaClientInitializationError","clientVersion":"5.22.0","stack":"PrismaClientInitializationError: Error querying the database: FATAL: (ENOTFOUND) tenant/user postgres.lstnnhigwhovupimqxvw not found\n    at t (C:\\Users\\Acer\\Downloads\\LeadLFlowAI\\backend\\node_modules\\@prisma\\client\\runtime\\library.js:112:2488)\n    at async connectDB (C:\\Users\\Acer\\Downloads\\LeadLFlowAI\\backend\\src\\config\\db.js:10:5)\n    at async startServer (C:\\Users\\Acer\\Downloads\\LeadLFlowAI\\backend\\src\\server.js:14:5)"}}
2026-05-18 09:22:50 [ERROR]: Failed to connect to the database: Error querying the database: FATAL: (ENOTFOUND) tenant/user postgres.lstnnhigwhovupimqxvw not found {"metadata":{"name":"PrismaClientInitializationError","clientVersion":"5.22.0","stack":"PrismaClientInitializationError: Error querying the database: FATAL: (ENOTFOUND) tenant/user postgres.lstnnhigwhovupimqxvw not found\n    at t (C:\\Users\\Acer\\Downloads\\LeadLFlowAI\\backend\\node_modules\\@prisma\\client\\runtime\\library.js:112:2488)\n    at async connectDB (C:\\Users\\Acer\\Downloads\\LeadLFlowAI\\backend\\src\\config\\db.js:10:5)\n    at async startServer (C:\\Users\\Acer\\Downloads\\LeadLFlowAI\\backend\\src\\server.js:14:5)"}}
2026-05-21 12:26:00 [ERROR]: Redis Client Error: {"metadata":{"code":"ECONNREFUSED","stack":"AggregateError [ECONNREFUSED]: \n    at internalConnectMultiple (node:net:1134:18)\n    at afterConnectMultiple (node:net:1715:7)"}}
2026-05-21 12:26:00 [ERROR]: Redis Client Error: {"metadata":{"code":"ECONNREFUSED","stack":"AggregateError [ECONNREFUSED]: \n    at internalConnectMultiple (node:net:1134:18)\n    at afterConnectMultiple (node:net:1715:7)"}}
2026-05-21 12:26:00 [ERROR]: Redis Client Error: {"metadata":{"code":"ECONNREFUSED","stack":"AggregateError [ECONNREFUSED]: \n    at internalConnectMultiple (node:net:1134:18)\n    at afterConnectMultiple (node:net:1715:7)"}}
2026-05-21 12:26:00 [ERROR]: Redis Client Error: {"metadata":{"code":"ECONNREFUSED","stack":"AggregateError [ECONNREFUSED]: \n    at internalConnectMultiple (node:net:1134:18)\n    at afterConnectMultiple (node:net:1715:7)"}}
2026-05-21 12:26:00 [ERROR]: Redis Client Error: {"metadata":{"code":"ECONNREFUSED","stack":"AggregateError [ECONNREFUSED]: \n    at internalConnectMultiple (node:net:1134:18)\n    at afterConnectMultiple (node:net:1715:7)"}}
2026-05-21 12:26:01 [ERROR]: Redis Client Error: {"metadata":{"code":"ECONNREFUSED","stack":"AggregateError [ECONNREFUSED]: \n    at internalConnectMultiple (node:net:1134:18)\n    at afterConnectMultiple (node:net:1715:7)"}}
2026-05-21 12:26:01 [ERROR]: Redis Client Error: {"metadata":{"code":"ECONNREFUSED","stack":"AggregateError [ECONNREFUSED]: \n    at internalConnectMultiple (node:net:1134:18)\n    at afterConnectMultiple (node:net:1715:7)"}}
2026-05-21 12:26:01 [ERROR]: Failed to connect to the database: Error querying the database: FATAL: (ENOTFOUND) tenant/user postgres.lstnnhigwhovupimqxvw not found {"metadata":{"name":"PrismaClientInitializationError","clientVersion":"5.22.0","stack":"PrismaClientInitializationError: Error querying the database: FATAL: (ENOTFOUND) tenant/user postgres.lstnnhigwhovupimqxvw not found\n    at t (C:\\Users\\Acer\\Downloads\\LeadLFlowAI\\backend\\node_modules\\@prisma\\client\\runtime\\library.js:112:2488)\n    at async connectDB (C:\\Users\\Acer\\Downloads\\LeadLFlowAI\\backend\\src\\config\\db.js:10:5)\n    at async startServer (C:\\Users\\Acer\\Downloads\\LeadLFlowAI\\backend\\src\\server.js:14:5)"}}
2026-05-21 12:54:19 [ERROR]: Redis Client Error: {"metadata":{"code":"ECONNREFUSED","stack":"AggregateError [ECONNREFUSED]: \n    at internalConnectMultiple (node:net:1134:18)\n    at afterConnectMultiple (node:net:1715:7)"}}
2026-05-21 12:54:19 [ERROR]: Redis Client Error: {"metadata":{"code":"ECONNREFUSED","stack":"AggregateError [ECONNREFUSED]: \n    at internalConnectMultiple (node:net:1134:18)\n    at afterConnectMultiple (node:net:1715:7)"}}
2026-05-21 12:54:19 [ERROR]: Redis Client Error: {"metadata":{"code":"ECONNREFUSED","stack":"AggregateError [ECONNREFUSED]: \n    at internalConnectMultiple (node:net:1134:18)\n    at afterConnectMultiple (node:net:1715:7)"}}
2026-05-21 12:54:19 [ERROR]: Redis Client Error: {"metadata":{"code":"ECONNREFUSED","stack":"AggregateError [ECONNREFUSED]: \n    at internalConnectMultiple (node:net:1134:18)\n    at afterConnectMultiple (node:net:1715:7)"}}
2026-05-21 12:54:19 [ERROR]: Redis Client Error: {"metadata":{"code":"ECONNREFUSED","stack":"AggregateError [ECONNREFUSED]: \n    at internalConnectMultiple (node:net:1134:18)\n    at afterConnectMultiple (node:net:1715:7)"}}
2026-05-21 12:54:19 [ERROR]: Redis Client Error: {"metadata":{"code":"ECONNREFUSED","stack":"AggregateError [ECONNREFUSED]: \n    at internalConnectMultiple (node:net:1134:18)\n    at afterConnectMultiple (node:net:1715:7)"}}
2026-05-21 12:54:19 [ERROR]: Failed to connect to the database: Error querying the database: FATAL: (ENOTFOUND) tenant/user postgres.lstnnhigwhovupimqxvw not found {"metadata":{"name":"PrismaClientInitializationError","clientVersion":"5.22.0","stack":"PrismaClientInitializationError: Error querying the database: FATAL: (ENOTFOUND) tenant/user postgres.lstnnhigwhovupimqxvw not found\n    at t (C:\\Users\\Acer\\Downloads\\LeadLFlowAI\\backend\\node_modules\\@prisma\\client\\runtime\\library.js:112:2488)\n    at async connectDB (C:\\Users\\Acer\\Downloads\\LeadLFlowAI\\backend\\src\\config\\db.js:10:5)\n    at async startServer (C:\\Users\\Acer\\Downloads\\LeadLFlowAI\\backend\\src\\server.js:14:5)"}}
2026-05-21 13:14:50 [INFO]: Redis Client connecting... {"metadata":{}}
2026-05-21 13:14:50 [INFO]: Database connection established successfully. {"metadata":{}}
2026-05-21 13:14:50 [INFO]: =================================================== {"metadata":{}}
2026-05-21 13:14:50 [INFO]:   LeadFlow-AI Master Server is running on port 5000 {"metadata":{}}
2026-05-21 13:14:50 [INFO]:   Client URL: http://localhost:3000 {"metadata":{}}
2026-05-21 13:14:50 [INFO]:   API Prefix: /api/v1 {"metadata":{}}
2026-05-21 13:14:50 [INFO]:   Environment: development {"metadata":{}}
2026-05-21 13:14:50 [INFO]: =================================================== {"metadata":{}}
2026-05-21 13:14:50 [INFO]: Redis Client ready and connected. {"metadata":{}}
2026-05-21 13:20:11 [INFO]: Redis Client connecting... {"metadata":{}}
2026-05-21 13:20:12 [INFO]: Database connection established successfully. {"metadata":{}}
2026-05-21 13:20:12 [INFO]: =================================================== {"metadata":{}}
2026-05-21 13:20:12 [INFO]:   LeadFlow-AI Master Server is running on port 5000 {"metadata":{}}
2026-05-21 13:20:12 [INFO]:   Client URL: http://localhost:3000 {"metadata":{}}
2026-05-21 13:20:12 [INFO]:   API Prefix: /api/v1 {"metadata":{}}
2026-05-21 13:20:12 [INFO]:   Environment: development {"metadata":{}}
2026-05-21 13:20:12 [INFO]: =================================================== {"metadata":{}}
2026-05-21 13:20:12 [INFO]: Redis Client ready and connected. {"metadata":{}}
2026-05-21 13:20:14 [INFO]: Redis Client connecting... {"metadata":{}}
2026-05-21 13:20:15 [INFO]: Database connection established successfully. {"metadata":{}}
2026-05-21 13:20:15 [INFO]: =================================================== {"metadata":{}}
2026-05-21 13:20:15 [INFO]:   LeadFlow-AI Master Server is running on port 5000 {"metadata":{}}
2026-05-21 13:20:15 [INFO]:   Client URL: http://localhost:3000 {"metadata":{}}
2026-05-21 13:20:15 [INFO]:   API Prefix: /api/v1 {"metadata":{}}
2026-05-21 13:20:15 [INFO]:   Environment: development {"metadata":{}}
2026-05-21 13:20:15 [INFO]: =================================================== {"metadata":{}}
2026-05-21 13:20:15 [INFO]: Redis Client ready and connected. {"metadata":{}}
2026-05-21 13:24:08 [ERROR]: Reached the max retries per request limit (which is 20). Refer to "maxRetriesPerRequest" option for details. {"metadata":{"url":"/api/v1/auth/register","method":"POST","statusCode":500,"stack":"MaxRetriesPerRequestError: Reached the max retries per request limit (which is 20). Refer to \"maxRetriesPerRequest\" option for details.\n    at Socket.<anonymous> (C:\\Users\\Acer\\Downloads\\LeadLFlowAI\\backend\\node_modules\\ioredis\\built\\redis\\event_handler.js:207:37)\n    at Object.onceWrapper (node:events:634:26)\n    at Socket.emit (node:events:519:28)\n    at TCP.<anonymous> (node:net:346:12)","errors":[]}}
2026-05-21 13:25:10 [INFO]: Redis Client connecting... {"metadata":{}}
2026-05-21 13:25:10 [INFO]: Database connection established successfully. {"metadata":{}}
2026-05-21 13:25:10 [INFO]: =================================================== {"metadata":{}}
2026-05-21 13:25:10 [INFO]:   LeadFlow-AI Master Server is running on port 5000 {"metadata":{}}
2026-05-21 13:25:10 [INFO]:   Client URL: http://localhost:3000 {"metadata":{}}
2026-05-21 13:25:10 [INFO]:   API Prefix: /api/v1 {"metadata":{}}
2026-05-21 13:25:10 [INFO]:   Environment: development {"metadata":{}}
2026-05-21 13:25:10 [INFO]: =================================================== {"metadata":{}}
2026-05-21 13:25:10 [INFO]: Redis Client ready and connected. {"metadata":{}}
2026-05-21 13:25:15 [INFO]: Redis Client connecting... {"metadata":{}}
2026-05-21 13:25:15 [INFO]: Database connection established successfully. {"metadata":{}}
2026-05-21 13:25:15 [INFO]: =================================================== {"metadata":{}}
2026-05-21 13:25:15 [INFO]:   LeadFlow-AI Master Server is running on port 5000 {"metadata":{}}
2026-05-21 13:25:15 [INFO]:   Client URL: http://localhost:3000 {"metadata":{}}
2026-05-21 13:25:15 [INFO]:   API Prefix: /api/v1 {"metadata":{}}
2026-05-21 13:25:15 [INFO]:   Environment: development {"metadata":{}}
2026-05-21 13:25:15 [INFO]: =================================================== {"metadata":{}}
2026-05-21 13:25:16 [INFO]: Redis Client ready and connected. {"metadata":{}}
2026-05-21 13:25:20 [INFO]: Redis Client connecting... {"metadata":{}}
2026-05-21 13:25:20 [INFO]: Database connection established successfully. {"metadata":{}}
2026-05-21 13:25:20 [INFO]: =================================================== {"metadata":{}}
2026-05-21 13:25:20 [INFO]:   LeadFlow-AI Master Server is running on port 5000 {"metadata":{}}
2026-05-21 13:25:20 [INFO]:   Client URL: http://localhost:3000 {"metadata":{}}
2026-05-21 13:25:20 [INFO]:   API Prefix: /api/v1 {"metadata":{}}
2026-05-21 13:25:20 [INFO]:   Environment: development {"metadata":{}}
2026-05-21 13:25:20 [INFO]: =================================================== {"metadata":{}}
2026-05-21 13:25:21 [INFO]: Redis Client ready and connected. {"metadata":{}}
2026-05-21 13:25:22 [INFO]: Redis Client connecting... {"metadata":{}}
2026-05-21 13:25:23 [INFO]: Database connection established successfully. {"metadata":{}}
2026-05-21 13:25:23 [INFO]: =================================================== {"metadata":{}}
2026-05-21 13:25:23 [INFO]:   LeadFlow-AI Master Server is running on port 5000 {"metadata":{}}
2026-05-21 13:25:23 [INFO]:   Client URL: http://localhost:3000 {"metadata":{}}
2026-05-21 13:25:23 [INFO]:   API Prefix: /api/v1 {"metadata":{}}
2026-05-21 13:25:23 [INFO]:   Environment: development {"metadata":{}}
2026-05-21 13:25:23 [INFO]: =================================================== {"metadata":{}}
2026-05-21 13:25:23 [INFO]: Redis Client ready and connected. {"metadata":{}}
2026-05-21 13:25:50 [INFO]: Database connection established successfully. {"metadata":{}}
2026-05-21 13:25:50 [INFO]: Database connected, starting queue workers... {"metadata":{}}
2026-05-21 13:25:51 [INFO]: All Bull queue workers started and listening for jobs. {"metadata":{}}
2026-05-21 13:25:52 [INFO]: Redis Client connecting... {"metadata":{}}
2026-05-21 13:25:52 [INFO]: Redis Client ready and connected. {"metadata":{}}
2026-05-21 13:26:43 [INFO]: User Ashutosh Shekhar (4fd864d3-3df7-46e9-b176-70c7219aba3f) connected via WebSocket to org c1bf1317-ceac-4232-b2a3-7bbc077e2572 {"metadata":{}}
2026-05-21 13:26:44 [INFO]: User Ashutosh Shekhar (4fd864d3-3df7-46e9-b176-70c7219aba3f) disconnected from WebSocket {"metadata":{}}
2026-05-21 13:26:44 [INFO]: User Ashutosh Shekhar (4fd864d3-3df7-46e9-b176-70c7219aba3f) connected via WebSocket to org c1bf1317-ceac-4232-b2a3-7bbc077e2572 {"metadata":{}}
2026-05-21 13:26:45 [INFO]: User Ashutosh Shekhar (4fd864d3-3df7-46e9-b176-70c7219aba3f) disconnected from WebSocket {"metadata":{}}
2026-05-21 13:26:45 [INFO]: User Ashutosh Shekhar (4fd864d3-3df7-46e9-b176-70c7219aba3f) connected via WebSocket to org c1bf1317-ceac-4232-b2a3-7bbc077e2572 {"metadata":{}}
2026-05-21 13:27:23 [INFO]: User Ashutosh Shekhar (4fd864d3-3df7-46e9-b176-70c7219aba3f) disconnected from WebSocket {"metadata":{}}
